<?xml version="1.0" encoding="UTF-8"?>
<!-- Generated by org.testng.reporters.JUnitReportReporter -->
<testsuite hostname="DESKTOP-HO3C9IU" failures="0" tests="3" name="DataDivine.comWordpress" time="32.841" errors="0" timestamp="2020-10-22T09:07:20 IST" skipped="0">
  <testcase classname="DataDivine.comWordpress" name="LoginWordpress" time="9.075"/>
  <system-out/>
  <testcase classname="DataDivine.comWordpress" name="LoginWordpress" time="13.413"/>
  <system-out/>
  <testcase classname="DataDivine.comWordpress" name="LoginWordpress" time="10.353"/>
  <system-out/>
</testsuite> <!-- DataDivine.comWordpress -->
