<?xml version="1.0" encoding="UTF-8"?>
<!-- Generated by org.testng.reporters.JUnitReportReporter -->
<testsuite hostname="DESKTOP-HO3C9IU" failures="0" tests="1" name="TestCases.TestCase" time="11.604" errors="0" timestamp="2020-10-21T09:29:01 IST" skipped="0">
  <testcase classname="TestCases.TestCase" name="validUser" time="11.604"/>
  <system-out/>
</testsuite> <!-- TestCases.TestCase -->
