<?xml version="1.0" encoding="UTF-8"?>
<!-- Generated by org.testng.reporters.JUnitReportReporter -->
<testsuite hostname="DESKTOP-HO3C9IU" failures="0" tests="9" name="DataDrivenExcel.comWordpress" time="142.657" errors="0" timestamp="2020-10-24T07:17:41 IST" skipped="0">
  <testcase classname="DataDrivenExcel.comWordpress" name="LoginWordpress" time="14.250"/>
  <system-out/>
  <testcase classname="DataDrivenExcel.comWordpress" name="LoginWordpress" time="14.209"/>
  <system-out/>
  <testcase classname="DataDrivenExcel.comWordpress" name="LoginWordpress" time="11.330"/>
  <system-out/>
  <testcase classname="DataDrivenExcel.comWordpress" name="LoginWordpress" time="12.082"/>
  <system-out/>
  <testcase classname="DataDrivenExcel.comWordpress" name="LoginWordpress" time="14.098"/>
  <system-out/>
  <testcase classname="DataDrivenExcel.comWordpress" name="LoginWordpress" time="18.201"/>
  <system-out/>
  <testcase classname="DataDrivenExcel.comWordpress" name="LoginWordpress" time="14.410"/>
  <system-out/>
  <testcase classname="DataDrivenExcel.comWordpress" name="LoginWordpress" time="14.846"/>
  <system-out/>
  <testcase classname="DataDrivenExcel.comWordpress" name="LoginWordpress" time="29.231"/>
  <system-out/>
</testsuite> <!-- DataDrivenExcel.comWordpress -->
